d:\semster5\data structure\projectnew\data-structure-project\project2\project2\x64\debug\vc143.pdb
d:\semster5\data structure\projectnew\data-structure-project\project2\project2\x64\debug\.netframework,version=v4.7.2.assemblyattributes.obj
d:\semster5\data structure\projectnew\data-structure-project\project2\project2\x64\debug\withdrawform.obj
d:\semster5\data structure\projectnew\data-structure-project\project2\project2\x64\debug\user.obj
d:\semster5\data structure\projectnew\data-structure-project\project2\project2\x64\debug\transfer.obj
d:\semster5\data structure\projectnew\data-structure-project\project2\project2\x64\debug\transaction.obj
d:\semster5\data structure\projectnew\data-structure-project\project2\project2\x64\debug\operations.obj
d:\semster5\data structure\projectnew\data-structure-project\project2\project2\x64\debug\myform2h.obj
d:\semster5\data structure\projectnew\data-structure-project\project2\project2\x64\debug\myform.obj
d:\semster5\data structure\projectnew\data-structure-project\project2\project2\x64\debug\manageduser .obj
d:\semster5\data structure\projectnew\data-structure-project\project2\project2\x64\debug\linkedlist.obj
d:\semster5\data structure\projectnew\data-structure-project\project2\project2\x64\debug\homeform.obj
d:\semster5\data structure\projectnew\data-structure-project\project2\project2\x64\debug\depositform.obj
d:\semster5\data structure\projectnew\data-structure-project\project2\project2\x64\debug\customer.obj
d:\semster5\data structure\projectnew\data-structure-project\project2\project2\x64\debug\checkbalance.obj
d:\semster5\data structure\projectnew\data-structure-project\project2\project2\x64\debug\changepass.obj
d:\semster5\data structure\projectnew\data-structure-project\project2\project2\x64\debug\bankaccount.obj
d:\semster5\data structure\projectnew\data-structure-project\project2\project2\x64\debug\accountdetails.obj
d:\semster5\data structure\projectnew\data-structure-project\project2\x64\debug\project2.exe
d:\semster5\data structure\projectnew\data-structure-project\project2\x64\debug\project2.pdb
d:\semster5\data structure\projectnew\data-structure-project\project2\project2\x64\debug\project2.tlog\cl.command.1.tlog
d:\semster5\data structure\projectnew\data-structure-project\project2\project2\x64\debug\project2.tlog\cl.read.1.tlog
d:\semster5\data structure\projectnew\data-structure-project\project2\project2\x64\debug\project2.tlog\cl.write.1.tlog
d:\semster5\data structure\projectnew\data-structure-project\project2\project2\x64\debug\project2.tlog\link.command.1.tlog
d:\semster5\data structure\projectnew\data-structure-project\project2\project2\x64\debug\project2.tlog\link.read.1.tlog
d:\semster5\data structure\projectnew\data-structure-project\project2\project2\x64\debug\project2.tlog\link.write.1.tlog
d:\semster5\data structure\projectnew\data-structure-project\project2\project2\x64\debug\project2.tlog\metagen.read.1.tlog
d:\semster5\data structure\projectnew\data-structure-project\project2\project2\x64\debug\project2.tlog\metagen.write.1.tlog
d:\semster5\data structure\projectnew\data-structure-project\project2\project2\x64\debug\project2.tlog\resgen.command.1.tlog
d:\semster5\data structure\projectnew\data-structure-project\project2\project2\x64\debug\project2.tlog\resgen.read.1.tlog
d:\semster5\data structure\projectnew\data-structure-project\project2\project2\x64\debug\project2.tlog\resgen.write.1.tlog
